TN:
SF:/home/misha/s21_string/test.c
FN:9,test_s21_memchr_edge_fn
FNDA:1,test_s21_memchr_edge_fn
FN:19,test_s21_memcmp_edge_fn
FNDA:1,test_s21_memcmp_edge_fn
FN:30,test_s21_memcpy_edge_fn
FNDA:0,test_s21_memcpy_edge_fn
FN:40,test_s21_memset_edge_fn
FNDA:1,test_s21_memset_edge_fn
FN:49,test_s21_strncat_edge_fn
FNDA:1,test_s21_strncat_edge_fn
FN:58,test_s21_strchr_edge_fn
FNDA:1,test_s21_strchr_edge_fn
FN:67,test_s21_strncmp_edge_fn
FNDA:1,test_s21_strncmp_edge_fn
FN:78,test_s21_strncpy_edge_fn
FNDA:0,test_s21_strncpy_edge_fn
FN:88,test_s21_strcspn_edge_fn
FNDA:1,test_s21_strcspn_edge_fn
FN:96,test_s21_strerror_edge_fn
FNDA:1,test_s21_strerror_edge_fn
FN:103,test_s21_strlen_edge_fn
FNDA:1,test_s21_strlen_edge_fn
FN:111,test_s21_strpbrk_edge_fn
FNDA:0,test_s21_strpbrk_edge_fn
FN:119,test_s21_strrchr_edge_fn
FNDA:1,test_s21_strrchr_edge_fn
FN:127,test_s21_strstr_edge_fn
FNDA:1,test_s21_strstr_edge_fn
FN:136,test_s21_strtok_edge_fn
FNDA:1,test_s21_strtok_edge_fn
FN:148,test_s21_sprintf_edge_fn
FNDA:1,test_s21_sprintf_edge_fn
FN:162,create_test_suite
FNDA:14,create_test_suite
FN:189,main
FNDA:14,main
DA:9,1
DA:10,1
DA:11,1
DA:12,1
DA:13,1
DA:14,1
DA:15,1
DA:19,1
DA:20,1
DA:21,1
DA:22,1
DA:23,1
DA:24,1
DA:25,1
DA:26,1
DA:30,0
DA:31,0
DA:33,0
DA:34,0
DA:35,0
DA:36,0
DA:40,1
DA:41,1
DA:42,1
DA:43,1
DA:44,1
DA:45,1
DA:49,1
DA:50,1
DA:51,1
DA:52,1
DA:53,1
DA:54,1
DA:58,1
DA:59,1
DA:60,1
DA:61,1
DA:62,1
DA:63,1
DA:67,1
DA:68,1
DA:69,1
DA:70,1
DA:71,1
DA:72,1
DA:73,1
DA:74,1
DA:78,0
DA:79,0
DA:81,0
DA:82,0
DA:83,0
DA:84,0
DA:88,1
DA:89,1
DA:90,1
DA:91,1
DA:92,1
DA:96,1
DA:97,1
DA:98,1
DA:99,1
DA:103,1
DA:104,1
DA:105,1
DA:106,1
DA:107,1
DA:111,0
DA:112,0
DA:113,0
DA:114,0
DA:115,0
DA:119,1
DA:120,1
DA:121,1
DA:122,1
DA:123,1
DA:127,1
DA:128,1
DA:129,1
DA:130,1
DA:131,1
DA:132,1
DA:136,1
DA:137,1
DA:139,1
DA:140,1
DA:141,1
DA:142,1
DA:143,1
DA:144,1
DA:148,1
DA:150,1
DA:151,1
DA:153,1
DA:154,1
DA:156,1
DA:157,1
DA:158,1
DA:162,14
DA:163,14
DA:165,14
DA:166,14
DA:167,14
DA:168,14
DA:169,14
DA:170,14
DA:171,14
DA:172,14
DA:173,14
DA:174,14
DA:175,14
DA:176,14
DA:177,14
DA:178,14
DA:179,14
DA:180,14
DA:181,14
DA:183,14
DA:185,14
DA:189,14
DA:190,14
DA:191,14
DA:193,14
DA:194,1
DA:195,1
DA:197,1
end_of_record
