TN:
SF:/home/misha/s21_string/test.c
FN:8,test_s21_memchr_found_fn
FNDA:0,test_s21_memchr_found_fn
FN:14,test_s21_memchr_not_found_fn
FNDA:0,test_s21_memchr_not_found_fn
FN:21,test_s21_strncat_basic_fn
FNDA:0,test_s21_strncat_basic_fn
FN:28,test_s21_strncat_full_fn
FNDA:0,test_s21_strncat_full_fn
FN:36,test_s21_strchr_found_fn
FNDA:0,test_s21_strchr_found_fn
FN:42,test_s21_strchr_not_found_fn
FNDA:0,test_s21_strchr_not_found_fn
FN:49,test_s21_memcmp_equal_fn
FNDA:0,test_s21_memcmp_equal_fn
FN:56,test_s21_memcmp_not_equal_fn
FNDA:0,test_s21_memcmp_not_equal_fn
FN:64,test_s21_memcpy_fn
FNDA:0,test_s21_memcpy_fn
FN:82,test_s21_strrchr_found_fn
FNDA:0,test_s21_strrchr_found_fn
FN:88,test_s21_strrchr_not_found_fn
FNDA:0,test_s21_strrchr_not_found_fn
FN:95,test_s21_strstr_found_fn
FNDA:0,test_s21_strstr_found_fn
FN:102,test_s21_strstr_not_found_fn
FNDA:0,test_s21_strstr_not_found_fn
FN:110,test_s21_strtok_fn
FNDA:0,test_s21_strtok_fn
FN:127,memchr_suite
FNDA:0,memchr_suite
FN:136,strncat_suite
FNDA:0,strncat_suite
FN:145,strchr_suite
FNDA:0,strchr_suite
FN:154,memcmp_suite
FNDA:0,memcmp_suite
FN:163,memcpy_suite
FNDA:0,memcpy_suite
FN:171,strrchr_suite
FNDA:0,strrchr_suite
FN:180,strstr_suite
FNDA:0,strstr_suite
FN:189,strtok_suite
FNDA:0,strtok_suite
FN:197,main
FNDA:1,main
DA:8,0
DA:9,0
DA:10,0
DA:11,0
DA:12,0
DA:14,0
DA:15,0
DA:16,0
DA:17,0
DA:18,0
DA:21,0
DA:22,0
DA:23,0
DA:24,0
DA:25,0
DA:26,0
DA:28,0
DA:29,0
DA:30,0
DA:31,0
DA:32,0
DA:33,0
DA:36,0
DA:37,0
DA:38,0
DA:39,0
DA:40,0
DA:42,0
DA:43,0
DA:44,0
DA:45,0
DA:46,0
DA:49,0
DA:50,0
DA:51,0
DA:52,0
DA:53,0
DA:54,0
DA:56,0
DA:57,0
DA:58,0
DA:59,0
DA:60,0
DA:61,0
DA:64,0
DA:66,0
DA:67,0
DA:68,0
DA:69,0
DA:70,0
DA:71,0
DA:72,0
DA:73,0
DA:74,0
DA:75,0
DA:76,0
DA:77,0
DA:78,0
DA:79,0
DA:82,0
DA:83,0
DA:84,0
DA:85,0
DA:86,0
DA:88,0
DA:89,0
DA:90,0
DA:91,0
DA:92,0
DA:95,0
DA:96,0
DA:97,0
DA:98,0
DA:99,0
DA:100,0
DA:102,0
DA:103,0
DA:104,0
DA:105,0
DA:106,0
DA:107,0
DA:110,0
DA:111,0
DA:112,0
DA:113,0
DA:114,0
DA:115,0
DA:116,0
DA:117,0
DA:118,0
DA:119,0
DA:120,0
DA:121,0
DA:122,0
DA:123,0
DA:124,0
DA:127,0
DA:128,0
DA:129,0
DA:130,0
DA:131,0
DA:132,0
DA:133,0
DA:136,0
DA:137,0
DA:138,0
DA:139,0
DA:140,0
DA:141,0
DA:142,0
DA:145,0
DA:146,0
DA:147,0
DA:148,0
DA:149,0
DA:150,0
DA:151,0
DA:154,0
DA:155,0
DA:156,0
DA:157,0
DA:158,0
DA:159,0
DA:160,0
DA:163,0
DA:164,0
DA:165,0
DA:166,0
DA:167,0
DA:168,0
DA:171,0
DA:172,0
DA:173,0
DA:174,0
DA:175,0
DA:176,0
DA:177,0
DA:180,0
DA:181,0
DA:182,0
DA:183,0
DA:184,0
DA:185,0
DA:186,0
DA:189,0
DA:190,0
DA:191,0
DA:192,0
DA:193,0
DA:194,0
DA:197,1
DA:199,1
DA:200,1
DA:201,1
DA:202,1
DA:203,1
DA:230,1
end_of_record
